[debug] [2021-04-23T16:34:33.666Z] ----------------------------------------------------------------------
[debug] [2021-04-23T16:34:33.668Z] Command:       /usr/bin/node /usr/local/bin/firebase deploy
[debug] [2021-04-23T16:34:33.668Z] CLI Version:   9.9.0
[debug] [2021-04-23T16:34:33.668Z] Platform:      linux
[debug] [2021-04-23T16:34:33.668Z] Node Version:  v10.19.0
[debug] [2021-04-23T16:34:33.668Z] Time:          Fri Apr 23 2021 22:04:33 GMT+0530 (India Standard Time)
[debug] [2021-04-23T16:34:33.669Z] ----------------------------------------------------------------------
[debug] 
[debug] [2021-04-23T16:34:33.675Z] > command requires scopes: ["email","openid","https://www.googleapis.com/auth/cloudplatformprojects.readonly","https://www.googleapis.com/auth/firebase","https://www.googleapis.com/auth/cloud-platform"]
[debug] [2021-04-23T16:34:33.675Z] > authorizing via signed-in user (vivek2811999@gmail.com)
[debug] [2021-04-23T16:34:33.675Z] [iam] checking project firegram-f3dac for permissions ["firebase.projects.get","firebasehosting.sites.update"]
[debug] [2021-04-23T16:34:33.678Z] > refreshing access token with scopes: ["email","https://www.googleapis.com/auth/cloud-platform","https://www.googleapis.com/auth/cloudplatformprojects.readonly","https://www.googleapis.com/auth/firebase","openid"]
[debug] [2021-04-23T16:34:33.678Z] >>> HTTP REQUEST POST https://www.googleapis.com/oauth2/v3/token  
 <request body omitted>
[debug] [2021-04-23T16:34:34.195Z] <<< HTTP RESPONSE 200 {"date":"Fri, 23 Apr 2021 16:34:34 GMT","pragma":"no-cache","expires":"Mon, 01 Jan 1990 00:00:00 GMT","cache-control":"no-cache, no-store, max-age=0, must-revalidate","content-type":"application/json; charset=utf-8","vary":"X-Origin, Referer, Origin,Accept-Encoding","server":"scaffolding on HTTPServer2","x-xss-protection":"0","x-frame-options":"SAMEORIGIN","x-content-type-options":"nosniff","alt-svc":"h3-29=\":443\"; ma=2592000,h3-T051=\":443\"; ma=2592000,h3-Q050=\":443\"; ma=2592000,h3-Q046=\":443\"; ma=2592000,h3-Q043=\":443\"; ma=2592000,quic=\":443\"; ma=2592000; v=\"46,43\"","accept-ranges":"none","transfer-encoding":"chunked"}
[debug] [2021-04-23T16:34:34.866Z] >>> HTTP REQUEST POST https://cloudresourcemanager.googleapis.com/v1/projects/firegram-f3dac:testIamPermissions  
 {"permissions":["firebase.projects.get","firebasehosting.sites.update"]}
[debug] [2021-04-23T16:34:38.272Z] <<< HTTP RESPONSE 200 {"content-type":"application/json; charset=UTF-8","vary":"X-Origin, Referer, Origin,Accept-Encoding","date":"Fri, 23 Apr 2021 16:34:38 GMT","server":"ESF","cache-control":"private","x-xss-protection":"0","x-frame-options":"SAMEORIGIN","x-content-type-options":"nosniff","server-timing":"gfet4t7; dur=1317","alt-svc":"h3-29=\":443\"; ma=2592000,h3-T051=\":443\"; ma=2592000,h3-Q050=\":443\"; ma=2592000,h3-Q046=\":443\"; ma=2592000,h3-Q043=\":443\"; ma=2592000,quic=\":443\"; ma=2592000; v=\"46,43\"","accept-ranges":"none","transfer-encoding":"chunked"}
[debug] [2021-04-23T16:34:38.289Z] > refreshing access token with scopes: []
[debug] [2021-04-23T16:34:38.290Z] >>> HTTP REQUEST POST https://www.googleapis.com/oauth2/v3/token  
 <request body omitted>
[debug] [2021-04-23T16:34:38.722Z] <<< HTTP RESPONSE 200 {"cache-control":"no-cache, no-store, max-age=0, must-revalidate","expires":"Mon, 01 Jan 1990 00:00:00 GMT","pragma":"no-cache","date":"Fri, 23 Apr 2021 16:34:38 GMT","content-type":"application/json; charset=utf-8","vary":"X-Origin, Referer, Origin,Accept-Encoding","server":"scaffolding on HTTPServer2","x-xss-protection":"0","x-frame-options":"SAMEORIGIN","x-content-type-options":"nosniff","alt-svc":"h3-29=\":443\"; ma=2592000,h3-T051=\":443\"; ma=2592000,h3-Q050=\":443\"; ma=2592000,h3-Q046=\":443\"; ma=2592000,h3-Q043=\":443\"; ma=2592000,quic=\":443\"; ma=2592000; v=\"46,43\"","accept-ranges":"none","transfer-encoding":"chunked"}
[debug] [2021-04-23T16:34:40.185Z] >>> [apiv2][query] GET https://firebase.googleapis.com/v1beta1/projects/firegram-f3dac [none]
[debug] [2021-04-23T16:34:42.189Z] <<< [apiv2][status] GET https://firebase.googleapis.com/v1beta1/projects/firegram-f3dac 200
[debug] [2021-04-23T16:34:42.190Z] <<< [apiv2][body] GET https://firebase.googleapis.com/v1beta1/projects/firegram-f3dac {"projectId":"firegram-f3dac","projectNumber":"625357454415","displayName":"firegram","name":"projects/firegram-f3dac","resources":{"hostingSite":"firegram-f3dac","storageBucket":"firegram-f3dac.appspot.com","locationId":"asia-southeast2"},"state":"ACTIVE"}
[info] 
[info] === Deploying to 'firegram-f3dac'...
[info] 
[info] i  deploying hosting 
[debug] [2021-04-23T16:34:42.214Z] > refreshing access token with scopes: ["email","https://www.googleapis.com/auth/cloud-platform","https://www.googleapis.com/auth/cloudplatformprojects.readonly","https://www.googleapis.com/auth/firebase","openid"]
[debug] [2021-04-23T16:34:42.216Z] >>> HTTP REQUEST POST https://www.googleapis.com/oauth2/v3/token  
 <request body omitted>
